This file contains any messages produced by compilers while
running configure, to aid debugging if configure makes a mistake.

It was created by speex configure 1.2.1, which was
generated by GNU Autoconf 2.71.  Invocation command line was

  $ /home/vitalii/Speex_project/Speex_project/speex/configure --prefix=/home/vitalii/Speex_project/Speex_project/build_prj --enable-static

## --------- ##
## Platform. ##
## --------- ##

hostname = vitalii-Lenovo-Y520-15IKBN
uname -m = x86_64
uname -r = 5.15.0-58-generic
uname -s = Linux
uname -v = #64-Ubuntu SMP Thu Jan 5 11:43:13 UTC 2023

/usr/bin/uname -p = x86_64
/bin/uname -X     = unknown

/bin/arch              = x86_64
/usr/bin/arch -k       = unknown
/usr/convex/getsysinfo = unknown
/usr/bin/hostinfo      = unknown
/bin/machine           = unknown
/usr/bin/oslevel       = unknown
/bin/universe          = unknown

PATH: /home/vitalii/.local/bin/
PATH: /home/vitalii/XMOS/XTC/15.1.4/bin/
PATH: /home/vitalii/XMOS/XTC/15.1.4/XTC_bin/
PATH: /home/vitalii/esp/esp-idf/
PATH: /home/vitalii/.local/bin/
PATH: /usr/local/sbin/
PATH: /usr/local/bin/
PATH: /usr/sbin/
PATH: /usr/bin/
PATH: /sbin/
PATH: /bin/
PATH: /usr/games/
PATH: /usr/local/games/
PATH: /snap/bin/
PATH: /snap/bin/


## ----------- ##
## Core tests. ##
## ----------- ##

configure:2674: looking for aux files: compile ltmain.sh config.guess config.sub missing install-sh
configure:2687:  trying /home/vitalii/Speex_project/Speex_project/speex/
configure:2716:   /home/vitalii/Speex_project/Speex_project/speex/compile found
configure:2716:   /home/vitalii/Speex_project/Speex_project/speex/ltmain.sh found
configure:2716:   /home/vitalii/Speex_project/Speex_project/speex/config.guess found
configure:2716:   /home/vitalii/Speex_project/Speex_project/speex/config.sub found
configure:2716:   /home/vitalii/Speex_project/Speex_project/speex/missing found
configure:2698:   /home/vitalii/Speex_project/Speex_project/speex/install-sh found
configure:2843: checking whether make supports nested variables
configure:2861: result: yes
configure:2906: checking for a BSD-compatible install
configure:2979: result: /usr/bin/install -c
configure:2990: checking whether build environment is sane
configure:3045: result: yes
configure:3204: checking for a race-free mkdir -p
configure:3248: result: /usr/bin/mkdir -p
configure:3255: checking for gawk
configure:3290: result: no
configure:3255: checking for mawk
configure:3276: found /usr/bin/mawk
configure:3287: result: mawk
configure:3298: checking whether make sets $(MAKE)
configure:3321: result: yes
configure:3460: checking whether to enable maintainer-specific portions of Makefiles
configure:3470: result: yes
configure:3490: checking build system type
configure:3505: result: x86_64-pc-linux-gnu
configure:3525: checking host system type
configure:3539: result: x86_64-pc-linux-gnu
configure:3937: checking how to print strings
configure:3964: result: printf
configure:3998: checking whether make supports the include directive
configure:4013: make -f confmf.GNU && cat confinc.out
make[3]: Entering directory '/home/vitalii/Speex_project/Speex_project/build/speex_project-prefix/src/speex_project-build'
make[3]: Leaving directory '/home/vitalii/Speex_project/Speex_project/build/speex_project-prefix/src/speex_project-build'
this is the am__doit target
configure:4016: $? = 0
configure:4035: result: yes (GNU style)
configure:4111: checking for gcc
configure:4132: found /usr/bin/gcc
configure:4143: result: gcc
configure:4496: checking for C compiler version
configure:4505: gcc --version >&5
gcc (Ubuntu 11.3.0-1ubuntu1~22.04) 11.3.0
Copyright (C) 2021 Free Software Foundation, Inc.
This is free software; see the source for copying conditions.  There is NO
warranty; not even for MERCHANTABILITY or FITNESS FOR A PARTICULAR PURPOSE.

configure:4516: $? = 0
configure:4505: gcc -v >&5
Using built-in specs.
COLLECT_GCC=gcc
COLLECT_LTO_WRAPPER=/usr/lib/gcc/x86_64-linux-gnu/11/lto-wrapper
OFFLOAD_TARGET_NAMES=nvptx-none:amdgcn-amdhsa
OFFLOAD_TARGET_DEFAULT=1
Target: x86_64-linux-gnu
Configured with: ../src/configure -v --with-pkgversion='Ubuntu 11.3.0-1ubuntu1~22.04' --with-bugurl=file:///usr/share/doc/gcc-11/README.Bugs --enable-languages=c,ada,c++,go,brig,d,fortran,objc,obj-c++,m2 --prefix=/usr --with-gcc-major-version-only --program-suffix=-11 --program-prefix=x86_64-linux-gnu- --enable-shared --enable-linker-build-id --libexecdir=/usr/lib --without-included-gettext --enable-threads=posix --libdir=/usr/lib --enable-nls --enable-bootstrap --enable-clocale=gnu --enable-libstdcxx-debug --enable-libstdcxx-time=yes --with-default-libstdcxx-abi=new --enable-gnu-unique-object --disable-vtable-verify --enable-plugin --enable-default-pie --with-system-zlib --enable-libphobos-checking=release --with-target-system-zlib=auto --enable-objc-gc=auto --enable-multiarch --disable-werror --enable-cet --with-arch-32=i686 --with-abi=m64 --with-multilib-list=m32,m64,mx32 --enable-multilib --with-tune=generic --enable-offload-targets=nvptx-none=/build/gcc-11-xKiWfi/gcc-11-11.3.0/debian/tmp-nvptx/usr,amdgcn-amdhsa=/build/gcc-11-xKiWfi/gcc-11-11.3.0/debian/tmp-gcn/usr --without-cuda-driver --enable-checking=release --build=x86_64-linux-gnu --host=x86_64-linux-gnu --target=x86_64-linux-gnu --with-build-config=bootstrap-lto-lean --enable-link-serialization=2
Thread model: posix
Supported LTO compression algorithms: zlib zstd
gcc version 11.3.0 (Ubuntu 11.3.0-1ubuntu1~22.04) 
... rest of stderr output deleted ...
configure:4516: $? = 0
configure:4505: gcc -V >&5
gcc: error: unrecognized command-line option '-V'
gcc: fatal error: no input files
compilation terminated.
configure:4516: $? = 1
configure:4505: gcc -qversion >&5
gcc: error: unrecognized command-line option '-qversion'; did you mean '--version'?
gcc: fatal error: no input files
compilation terminated.
configure:4516: $? = 1
configure:4505: gcc -version >&5
gcc: error: unrecognized command-line option '-version'
gcc: fatal error: no input files
compilation terminated.
configure:4516: $? = 1
configure:4536: checking whether the C compiler works
configure:4558: gcc    conftest.c  >&5
configure:4562: $? = 0
configure:4612: result: yes
configure:4615: checking for C compiler default output file name
configure:4617: result: a.out
configure:4623: checking for suffix of executables
configure:4630: gcc -o conftest    conftest.c  >&5
configure:4634: $? = 0
configure:4657: result: 
configure:4679: checking whether we are cross compiling
configure:4687: gcc -o conftest    conftest.c  >&5
configure:4691: $? = 0
configure:4698: ./conftest
configure:4702: $? = 0
configure:4717: result: no
configure:4722: checking for suffix of object files
configure:4745: gcc -c   conftest.c >&5
configure:4749: $? = 0
configure:4771: result: o
configure:4775: checking whether the compiler supports GNU C
configure:4795: gcc -c   conftest.c >&5
configure:4795: $? = 0
configure:4805: result: yes
configure:4816: checking whether gcc accepts -g
configure:4837: gcc -c -g  conftest.c >&5
configure:4837: $? = 0
configure:4881: result: yes
configure:4901: checking for gcc option to enable C11 features
configure:4916: gcc  -c -g -O2  conftest.c >&5
configure:4916: $? = 0
configure:4934: result: none needed
configure:5050: checking whether gcc understands -c and -o together
configure:5073: gcc -c conftest.c -o conftest2.o
configure:5076: $? = 0
configure:5073: gcc -c conftest.c -o conftest2.o
configure:5076: $? = 0
configure:5088: result: yes
configure:5107: checking dependency style of gcc
configure:5219: result: gcc3
configure:5234: checking for a sed that does not truncate output
configure:5304: result: /usr/bin/sed
configure:5322: checking for grep that handles long lines and -e
configure:5386: result: /usr/bin/grep
configure:5391: checking for egrep
configure:5459: result: /usr/bin/grep -E
configure:5464: checking for fgrep
configure:5532: result: /usr/bin/grep -F
configure:5568: checking for ld used by gcc
configure:5636: result: /usr/bin/ld
configure:5643: checking if the linker (/usr/bin/ld) is GNU ld
configure:5659: result: yes
configure:5671: checking for BSD- or MS-compatible name lister (nm)
configure:5726: result: /usr/bin/nm -B
configure:5866: checking the name lister (/usr/bin/nm -B) interface
configure:5874: gcc -c -g -O2  conftest.c >&5
configure:5877: /usr/bin/nm -B "conftest.o"
configure:5880: output
0000000000000000 B some_variable
configure:5887: result: BSD nm
configure:5890: checking whether ln -s works
configure:5894: result: yes
configure:5902: checking the maximum length of command line arguments
configure:6034: result: 1572864
configure:6082: checking how to convert x86_64-pc-linux-gnu file names to x86_64-pc-linux-gnu format
configure:6123: result: func_convert_file_noop
configure:6130: checking how to convert x86_64-pc-linux-gnu file names to toolchain format
configure:6151: result: func_convert_file_noop
configure:6158: checking for /usr/bin/ld option to reload object files
configure:6166: result: -r
configure:6245: checking for objdump
configure:6277: result: objdump
configure:6306: checking how to recognize dependent libraries
configure:6507: result: pass_all
configure:6597: checking for dlltool
configure:6629: result: dlltool
configure:6659: checking how to associate runtime and link libraries
configure:6687: result: printf %s\n
configure:6753: checking for ar
configure:6774: found /usr/bin/ar
configure:6785: result: ar
configure:6822: checking for archiver @FILE support
configure:6840: gcc -c -g -O2  conftest.c >&5
configure:6840: $? = 0
configure:6844: ar cr libconftest.a @conftest.lst >&5
configure:6847: $? = 0
configure:6852: ar cr libconftest.a @conftest.lst >&5
ar: conftest.o: No such file or directory
configure:6855: $? = 1
configure:6867: result: @
configure:6930: checking for strip
configure:6951: found /usr/bin/strip
configure:6962: result: strip
configure:7039: checking for ranlib
configure:7060: found /usr/bin/ranlib
configure:7071: result: ranlib
configure:7173: checking command to parse /usr/bin/nm -B output from gcc object
configure:7327: gcc -c -g -O2  conftest.c >&5
configure:7330: $? = 0
configure:7334: /usr/bin/nm -B conftest.o | sed -n -e 's/^.*[	 ]\([ABCDGIRSTW][ABCDGIRSTW]*\)[	 ][	 ]*\([_A-Za-z][_A-Za-z0-9]*\)$/\1 \2 \2/p' | sed '/ __gnu_lto/d' > conftest.nm
configure:7400: gcc -o conftest -g -O2   conftest.c conftstm.o >&5
configure:7403: $? = 0
configure:7441: result: ok
configure:7488: checking for sysroot
configure:7519: result: no
configure:7526: checking for a working dd
configure:7570: result: /usr/bin/dd
configure:7574: checking how to truncate binary pipes
configure:7590: result: /usr/bin/dd bs=4096 count=1
configure:7727: gcc -c -g -O2  conftest.c >&5
configure:7730: $? = 0
configure:7927: checking for mt
configure:7948: found /usr/bin/mt
configure:7959: result: mt
configure:7982: checking if mt is a manifest tool
configure:7989: mt '-?'
configure:7997: result: no
configure:8727: checking for stdio.h
configure:8727: gcc -c -g -O2  conftest.c >&5
configure:8727: $? = 0
configure:8727: result: yes
configure:8727: checking for stdlib.h
configure:8727: gcc -c -g -O2  conftest.c >&5
configure:8727: $? = 0
configure:8727: result: yes
configure:8727: checking for string.h
configure:8727: gcc -c -g -O2  conftest.c >&5
configure:8727: $? = 0
configure:8727: result: yes
configure:8727: checking for inttypes.h
configure:8727: gcc -c -g -O2  conftest.c >&5
configure:8727: $? = 0
configure:8727: result: yes
configure:8727: checking for stdint.h
configure:8727: gcc -c -g -O2  conftest.c >&5
configure:8727: $? = 0
configure:8727: result: yes
configure:8727: checking for strings.h
configure:8727: gcc -c -g -O2  conftest.c >&5
configure:8727: $? = 0
configure:8727: result: yes
configure:8727: checking for sys/stat.h
configure:8727: gcc -c -g -O2  conftest.c >&5
configure:8727: $? = 0
configure:8727: result: yes
configure:8727: checking for sys/types.h
configure:8727: gcc -c -g -O2  conftest.c >&5
configure:8727: $? = 0
configure:8727: result: yes
configure:8727: checking for unistd.h
configure:8727: gcc -c -g -O2  conftest.c >&5
configure:8727: $? = 0
configure:8727: result: yes
configure:8752: checking for dlfcn.h
configure:8752: gcc -c -g -O2  conftest.c >&5
configure:8752: $? = 0
configure:8752: result: yes
configure:9009: checking for objdir
configure:9025: result: .libs
configure:9289: checking if gcc supports -fno-rtti -fno-exceptions
configure:9308: gcc -c -g -O2  -fno-rtti -fno-exceptions conftest.c >&5
cc1: warning: command-line option '-fno-rtti' is valid for C++/D/ObjC++ but not for C
configure:9312: $? = 0
configure:9325: result: no
configure:9689: checking for gcc option to produce PIC
configure:9697: result: -fPIC -DPIC
configure:9705: checking if gcc PIC flag -fPIC -DPIC works
configure:9724: gcc -c -g -O2  -fPIC -DPIC -DPIC conftest.c >&5
configure:9728: $? = 0
configure:9741: result: yes
configure:9770: checking if gcc static flag -static works
configure:9799: result: yes
configure:9814: checking if gcc supports -c -o file.o
configure:9836: gcc -c -g -O2  -o out/conftest2.o conftest.c >&5
configure:9840: $? = 0
configure:9862: result: yes
configure:9870: checking if gcc supports -c -o file.o
configure:9918: result: yes
configure:9951: checking whether the gcc linker (/usr/bin/ld -m elf_x86_64) supports shared libraries
configure:11221: result: yes
configure:11258: checking whether -lc should be explicitly linked in
configure:11267: gcc -c -g -O2  conftest.c >&5
configure:11270: $? = 0
configure:11285: gcc -shared  -fPIC -DPIC conftest.o  -v -Wl,-soname -Wl,conftest -o conftest 2\>\&1 \| /usr/bin/grep  -lc  \>/dev/null 2\>\&1
configure:11288: $? = 0
configure:11302: result: no
configure:11462: checking dynamic linker characteristics
configure:12044: gcc -o conftest -g -O2   -Wl,-rpath -Wl,/foo conftest.c  >&5
configure:12044: $? = 0
configure:12295: result: GNU/Linux ld.so
configure:12417: checking how to hardcode library paths into programs
configure:12442: result: immediate
configure:12994: checking whether stripping libraries is possible
configure:12999: result: yes
configure:13034: checking if libtool supports shared libraries
configure:13036: result: yes
configure:13039: checking whether to build shared libraries
configure:13064: result: yes
configure:13067: checking whether to build static libraries
configure:13071: result: yes
configure:13109: checking whether byte ordering is bigendian
configure:13125: gcc -c -g -O2  conftest.c >&5
conftest.c:22:16: error: unknown type name 'not'
   22 |                not a universal capable compiler
      |                ^~~
conftest.c:22:22: error: expected '=', ',', ';', 'asm' or '__attribute__' before 'universal'
   22 |                not a universal capable compiler
      |                      ^~~~~~~~~
conftest.c:22:22: error: unknown type name 'universal'
configure:13125: $? = 1
configure: failed program was:
| /* confdefs.h */
| #define PACKAGE_NAME "speex"
| #define PACKAGE_TARNAME "speex"
| #define PACKAGE_VERSION "1.2.1"
| #define PACKAGE_STRING "speex 1.2.1"
| #define PACKAGE_BUGREPORT "speex-dev@xiph.org"
| #define PACKAGE_URL ""
| #define HAVE_STDIO_H 1
| #define HAVE_STDLIB_H 1
| #define HAVE_STRING_H 1
| #define HAVE_INTTYPES_H 1
| #define HAVE_STDINT_H 1
| #define HAVE_STRINGS_H 1
| #define HAVE_SYS_STAT_H 1
| #define HAVE_SYS_TYPES_H 1
| #define HAVE_UNISTD_H 1
| #define STDC_HEADERS 1
| #define HAVE_DLFCN_H 1
| #define LT_OBJDIR ".libs/"
| /* end confdefs.h.  */
| #ifndef __APPLE_CC__
| 	       not a universal capable compiler
| 	     #endif
| 	     typedef int dummy;
| 
configure:13171: gcc -c -g -O2  conftest.c >&5
configure:13171: $? = 0
configure:13190: gcc -c -g -O2  conftest.c >&5
conftest.c: In function 'main':
conftest.c:28:18: error: unknown type name 'not'; did you mean 'ino_t'?
   28 |                  not big endian
      |                  ^~~
      |                  ino_t
conftest.c:28:26: error: expected '=', ',', ';', 'asm' or '__attribute__' before 'endian'
   28 |                  not big endian
      |                          ^~~~~~
configure:13190: $? = 1
configure: failed program was:
| /* confdefs.h */
| #define PACKAGE_NAME "speex"
| #define PACKAGE_TARNAME "speex"
| #define PACKAGE_VERSION "1.2.1"
| #define PACKAGE_STRING "speex 1.2.1"
| #define PACKAGE_BUGREPORT "speex-dev@xiph.org"
| #define PACKAGE_URL ""
| #define HAVE_STDIO_H 1
| #define HAVE_STDLIB_H 1
| #define HAVE_STRING_H 1
| #define HAVE_INTTYPES_H 1
| #define HAVE_STDINT_H 1
| #define HAVE_STRINGS_H 1
| #define HAVE_SYS_STAT_H 1
| #define HAVE_SYS_TYPES_H 1
| #define HAVE_UNISTD_H 1
| #define STDC_HEADERS 1
| #define HAVE_DLFCN_H 1
| #define LT_OBJDIR ".libs/"
| /* end confdefs.h.  */
| #include <sys/types.h>
| 		#include <sys/param.h>
| 
| int
| main (void)
| {
| #if BYTE_ORDER != BIG_ENDIAN
| 		 not big endian
| 		#endif
| 
|   ;
|   return 0;
| }
configure:13324: result: no
configure:13342: checking for an ANSI C-conforming const
configure:13409: gcc -c -g -O2  conftest.c >&5
configure:13409: $? = 0
configure:13417: result: yes
configure:13425: checking for inline
configure:13442: gcc -c -g -O2  conftest.c >&5
configure:13442: $? = 0
configure:13451: result: inline
configure:13469: checking for C/C++ restrict keyword
configure:13499: gcc -c -g -O2  conftest.c >&5
configure:13499: $? = 0
configure:13508: result: __restrict__
configure:13521: checking for C99 variable-size arrays
configure:13538: gcc -c -g -O2  conftest.c >&5
configure:13538: $? = 0
configure:13549: result: yes
configure:13552: checking for alloca.h
configure:13552: gcc -c -g -O2  conftest.c >&5
configure:13552: $? = 0
configure:13552: result: yes
configure:13558: checking for getopt.h
configure:13558: gcc -c -g -O2  conftest.c >&5
configure:13558: $? = 0
configure:13558: result: yes
configure:13565: checking for alloca
configure:13586: gcc -c -g -O2  conftest.c >&5
configure:13586: $? = 0
configure:13601: result: yes
configure:13604: checking for SSE in current arch/CFLAGS
configure:13623: gcc -o conftest -g -O2   conftest.c  >&5
configure:13623: $? = 0
configure:13636: result: yes
configure:13641: checking for ELF visibility
configure:13659: gcc -c -g -O2 -fvisibility=hidden  conftest.c >&5
configure:13659: $? = 0
configure:13678: result: yes
configure:13681: checking for sys/soundcard.h
configure:13681: gcc -c -g -O2 -fvisibility=hidden  conftest.c >&5
configure:13681: $? = 0
configure:13681: result: yes
configure:13687: checking for sys/audioio.h
configure:13687: gcc -c -g -O2 -fvisibility=hidden  conftest.c >&5
conftest.c:55:10: fatal error: sys/audioio.h: No such file or directory
   55 | #include <sys/audioio.h>
      |          ^~~~~~~~~~~~~~~
compilation terminated.
configure:13687: $? = 1
configure: failed program was:
| /* confdefs.h */
| #define PACKAGE_NAME "speex"
| #define PACKAGE_TARNAME "speex"
| #define PACKAGE_VERSION "1.2.1"
| #define PACKAGE_STRING "speex 1.2.1"
| #define PACKAGE_BUGREPORT "speex-dev@xiph.org"
| #define PACKAGE_URL ""
| #define HAVE_STDIO_H 1
| #define HAVE_STDLIB_H 1
| #define HAVE_STRING_H 1
| #define HAVE_INTTYPES_H 1
| #define HAVE_STDINT_H 1
| #define HAVE_STRINGS_H 1
| #define HAVE_SYS_STAT_H 1
| #define HAVE_SYS_TYPES_H 1
| #define HAVE_UNISTD_H 1
| #define STDC_HEADERS 1
| #define HAVE_DLFCN_H 1
| #define LT_OBJDIR ".libs/"
| #define restrict __restrict__
| #define VAR_ARRAYS /**/
| #define HAVE_ALLOCA_H 1
| #define HAVE_GETOPT_H 1
| #define EXPORT __attribute__((visibility("default")))
| #define HAVE_SYS_SOUNDCARD_H 1
| /* end confdefs.h.  */
| #include <stddef.h>
| #ifdef HAVE_STDIO_H
| # include <stdio.h>
| #endif
| #ifdef HAVE_STDLIB_H
| # include <stdlib.h>
| #endif
| #ifdef HAVE_STRING_H
| # include <string.h>
| #endif
| #ifdef HAVE_INTTYPES_H
| # include <inttypes.h>
| #endif
| #ifdef HAVE_STDINT_H
| # include <stdint.h>
| #endif
| #ifdef HAVE_STRINGS_H
| # include <strings.h>
| #endif
| #ifdef HAVE_SYS_TYPES_H
| # include <sys/types.h>
| #endif
| #ifdef HAVE_SYS_STAT_H
| # include <sys/stat.h>
| #endif
| #ifdef HAVE_UNISTD_H
| # include <unistd.h>
| #endif
| #include <sys/audioio.h>
configure:13687: result: no
configure:13783: checking for cos in -lm
configure:13806: gcc -o conftest -g -O2 -fvisibility=hidden   conftest.c -lm   >&5
conftest.c:31:6: warning: conflicting types for built-in function 'cos'; expected 'double(double)' [-Wbuiltin-declaration-mismatch]
   31 | char cos ();
      |      ^~~
conftest.c:1:1: note: 'cos' is declared in header '<math.h>'
    1 | /* confdefs.h */
configure:13806: $? = 0
configure:13816: result: yes
configure:13832: checking for getopt_long
configure:13832: gcc -o conftest -g -O2 -fvisibility=hidden   conftest.c  >&5
configure:13832: $? = 0
configure:13832: result: yes
configure:14049: checking for pkg-config
configure:14072: found /usr/bin/pkg-config
configure:14084: result: /usr/bin/pkg-config
configure:14109: checking pkg-config is at least version 0.9.0
configure:14112: result: yes
configure:14125: checking for OGG
configure:14132: $PKG_CONFIG --exists --print-errors "ogg"
Package ogg was not found in the pkg-config search path.
Perhaps you should add the directory containing `ogg.pc'
to the PKG_CONFIG_PATH environment variable
No package 'ogg' found
configure:14135: $? = 1
configure:14149: $PKG_CONFIG --exists --print-errors "ogg"
Package ogg was not found in the pkg-config search path.
Perhaps you should add the directory containing `ogg.pc'
to the PKG_CONFIG_PATH environment variable
No package 'ogg' found
configure:14152: $? = 1
configure:14166: result: no
No package 'ogg' found
configure:14182: WARNING: Ogg not found, not building example programs
configure:14509: checking for SPEEXDSP
configure:14516: $PKG_CONFIG --exists --print-errors "speexdsp"
Package speexdsp was not found in the pkg-config search path.
Perhaps you should add the directory containing `speexdsp.pc'
to the PKG_CONFIG_PATH environment variable
No package 'speexdsp' found
configure:14519: $? = 1
configure:14533: $PKG_CONFIG --exists --print-errors "speexdsp"
Package speexdsp was not found in the pkg-config search path.
Perhaps you should add the directory containing `speexdsp.pc'
to the PKG_CONFIG_PATH environment variable
No package 'speexdsp' found
configure:14536: $? = 1
configure:14550: result: no
No package 'speexdsp' found
configure:14586: checking size of int16_t
configure:14592: gcc -o conftest -g -O2 -fvisibility=hidden   conftest.c  >&5
configure:14592: $? = 0
configure:14592: ./conftest
configure:14592: $? = 0
configure:14607: result: 2
configure:14619: checking size of uint16_t
configure:14625: gcc -o conftest -g -O2 -fvisibility=hidden   conftest.c  >&5
configure:14625: $? = 0
configure:14625: ./conftest
configure:14625: $? = 0
configure:14640: result: 2
configure:14652: checking size of u_int16_t
configure:14658: gcc -o conftest -g -O2 -fvisibility=hidden   conftest.c  >&5
configure:14658: $? = 0
configure:14658: ./conftest
configure:14658: $? = 0
configure:14673: result: 2
configure:14685: checking size of int32_t
configure:14691: gcc -o conftest -g -O2 -fvisibility=hidden   conftest.c  >&5
configure:14691: $? = 0
configure:14691: ./conftest
configure:14691: $? = 0
configure:14706: result: 4
configure:14718: checking size of uint32_t
configure:14724: gcc -o conftest -g -O2 -fvisibility=hidden   conftest.c  >&5
configure:14724: $? = 0
configure:14724: ./conftest
configure:14724: $? = 0
configure:14739: result: 4
configure:14751: checking size of u_int32_t
configure:14757: gcc -o conftest -g -O2 -fvisibility=hidden   conftest.c  >&5
configure:14757: $? = 0
configure:14757: ./conftest
configure:14757: $? = 0
configure:14772: result: 4
configure:14784: checking size of short
configure:14790: gcc -o conftest -g -O2 -fvisibility=hidden   conftest.c  >&5
configure:14790: $? = 0
configure:14790: ./conftest
configure:14790: $? = 0
configure:14805: result: 2
configure:14817: checking size of int
configure:14823: gcc -o conftest -g -O2 -fvisibility=hidden   conftest.c  >&5
configure:14823: $? = 0
configure:14823: ./conftest
configure:14823: $? = 0
configure:14838: result: 4
configure:14850: checking size of long
configure:14856: gcc -o conftest -g -O2 -fvisibility=hidden   conftest.c  >&5
configure:14856: $? = 0
configure:14856: ./conftest
configure:14856: $? = 0
configure:14871: result: 8
configure:14921: checking if gcc accepts -Wall
configure:14938: gcc -o conftest -Wall   conftest.c  >&5
configure:14938: $? = 0
configure:14940: result: yes
configure:15096: checking that generated files are newer than configure
configure:15102: result: done
configure:15158: creating ./config.status

## ---------------------- ##
## Running config.status. ##
## ---------------------- ##

This file was extended by speex config.status 1.2.1, which was
generated by GNU Autoconf 2.71.  Invocation command line was

  CONFIG_FILES    = 
  CONFIG_HEADERS  = 
  CONFIG_LINKS    = 
  CONFIG_COMMANDS = 
  $ ./config.status 

on vitalii-Lenovo-Y520-15IKBN

config.status:1167: creating Makefile
config.status:1167: creating libspeex/Makefile
config.status:1167: creating src/Makefile
config.status:1167: creating doc/Makefile
config.status:1167: creating Speex.spec
config.status:1167: creating include/Makefile
config.status:1167: creating include/speex/Makefile
config.status:1167: creating speex.pc
config.status:1167: creating win32/Makefile
config.status:1167: creating win32/libspeex/Makefile
config.status:1167: creating win32/speexenc/Makefile
config.status:1167: creating win32/speexdec/Makefile
config.status:1167: creating symbian/Makefile
config.status:1167: creating win32/VS2003/Makefile
config.status:1167: creating win32/VS2003/tests/Makefile
config.status:1167: creating win32/VS2003/libspeex/Makefile
config.status:1167: creating win32/VS2003/speexdec/Makefile
config.status:1167: creating win32/VS2003/speexenc/Makefile
config.status:1167: creating win32/VS2005/Makefile
config.status:1167: creating win32/VS2005/libspeex/Makefile
config.status:1167: creating win32/VS2005/speexdec/Makefile
config.status:1167: creating win32/VS2005/speexenc/Makefile
config.status:1167: creating win32/VS2005/tests/Makefile
config.status:1167: creating win32/VS2008/Makefile
config.status:1167: creating win32/VS2008/speexdec/Makefile
config.status:1167: creating win32/VS2008/tests/Makefile
config.status:1167: creating win32/VS2008/libspeex/Makefile
config.status:1167: creating win32/VS2008/speexenc/Makefile
config.status:1167: creating include/speex/speex_config_types.h
config.status:1167: creating ti/Makefile
config.status:1167: creating ti/speex_C54_test/Makefile
config.status:1167: creating ti/speex_C55_test/Makefile
config.status:1167: creating ti/speex_C64_test/Makefile
config.status:1167: creating config.h
config.status:1381: executing depfiles commands
config.status:1458: cd libspeex       && sed -e '/# am--include-marker/d' Makefile         | make -f - am--depfiles
make[3]: Entering directory '/home/vitalii/Speex_project/Speex_project/build/speex_project-prefix/src/speex_project-build/libspeex'
make[3]: Leaving directory '/home/vitalii/Speex_project/Speex_project/build/speex_project-prefix/src/speex_project-build/libspeex'
config.status:1463: $? = 0
config.status:1458: cd src       && sed -e '/# am--include-marker/d' Makefile         | make -f - am--depfiles
make[3]: Entering directory '/home/vitalii/Speex_project/Speex_project/build/speex_project-prefix/src/speex_project-build/src'
make[3]: Leaving directory '/home/vitalii/Speex_project/Speex_project/build/speex_project-prefix/src/speex_project-build/src'
config.status:1463: $? = 0
config.status:1381: executing libtool commands

## ---------------- ##
## Cache variables. ##
## ---------------- ##

ac_cv_build=x86_64-pc-linux-gnu
ac_cv_c_bigendian=no
ac_cv_c_compiler_gnu=yes
ac_cv_c_const=yes
ac_cv_c_inline=inline
ac_cv_c_restrict=__restrict__
ac_cv_env_CC_set=
ac_cv_env_CC_value=
ac_cv_env_CFLAGS_set=
ac_cv_env_CFLAGS_value=
ac_cv_env_CPPFLAGS_set=
ac_cv_env_CPPFLAGS_value=
ac_cv_env_FFT_CFLAGS_set=
ac_cv_env_FFT_CFLAGS_value=
ac_cv_env_FFT_LIBS_set=
ac_cv_env_FFT_LIBS_value=
ac_cv_env_LDFLAGS_set=
ac_cv_env_LDFLAGS_value=
ac_cv_env_LIBS_set=
ac_cv_env_LIBS_value=
ac_cv_env_LT_SYS_LIBRARY_PATH_set=
ac_cv_env_LT_SYS_LIBRARY_PATH_value=
ac_cv_env_OGG_CFLAGS_set=
ac_cv_env_OGG_CFLAGS_value=
ac_cv_env_OGG_LIBS_set=
ac_cv_env_OGG_LIBS_value=
ac_cv_env_PKG_CONFIG_LIBDIR_set=
ac_cv_env_PKG_CONFIG_LIBDIR_value=
ac_cv_env_PKG_CONFIG_PATH_set=
ac_cv_env_PKG_CONFIG_PATH_value=
ac_cv_env_PKG_CONFIG_set=
ac_cv_env_PKG_CONFIG_value=
ac_cv_env_SPEEXDSP_CFLAGS_set=
ac_cv_env_SPEEXDSP_CFLAGS_value=
ac_cv_env_SPEEXDSP_LIBS_set=
ac_cv_env_SPEEXDSP_LIBS_value=
ac_cv_env_build_alias_set=
ac_cv_env_build_alias_value=
ac_cv_env_host_alias_set=
ac_cv_env_host_alias_value=
ac_cv_env_target_alias_set=
ac_cv_env_target_alias_value=
ac_cv_func_getopt_long=yes
ac_cv_header_alloca_h=yes
ac_cv_header_dlfcn_h=yes
ac_cv_header_getopt_h=yes
ac_cv_header_inttypes_h=yes
ac_cv_header_stdint_h=yes
ac_cv_header_stdio_h=yes
ac_cv_header_stdlib_h=yes
ac_cv_header_string_h=yes
ac_cv_header_strings_h=yes
ac_cv_header_sys_audioio_h=no
ac_cv_header_sys_soundcard_h=yes
ac_cv_header_sys_stat_h=yes
ac_cv_header_sys_types_h=yes
ac_cv_header_unistd_h=yes
ac_cv_host=x86_64-pc-linux-gnu
ac_cv_lib_m_cos=yes
ac_cv_objext=o
ac_cv_path_EGREP='/usr/bin/grep -E'
ac_cv_path_FGREP='/usr/bin/grep -F'
ac_cv_path_GREP=/usr/bin/grep
ac_cv_path_SED=/usr/bin/sed
ac_cv_path_ac_pt_PKG_CONFIG=/usr/bin/pkg-config
ac_cv_path_install='/usr/bin/install -c'
ac_cv_path_lt_DD=/usr/bin/dd
ac_cv_path_mkdir=/usr/bin/mkdir
ac_cv_prog_AWK=mawk
ac_cv_prog_ac_ct_AR=ar
ac_cv_prog_ac_ct_CC=gcc
ac_cv_prog_ac_ct_DLLTOOL=dlltool
ac_cv_prog_ac_ct_MANIFEST_TOOL=mt
ac_cv_prog_ac_ct_OBJDUMP=objdump
ac_cv_prog_ac_ct_RANLIB=ranlib
ac_cv_prog_ac_ct_STRIP=strip
ac_cv_prog_cc_c11=
ac_cv_prog_cc_g=yes
ac_cv_prog_cc_stdc=
ac_cv_prog_make_make_set=yes
ac_cv_sizeof_int16_t=2
ac_cv_sizeof_int32_t=4
ac_cv_sizeof_int=4
ac_cv_sizeof_long=8
ac_cv_sizeof_short=2
ac_cv_sizeof_u_int16_t=2
ac_cv_sizeof_u_int32_t=4
ac_cv_sizeof_uint16_t=2
ac_cv_sizeof_uint32_t=4
am_cv_CC_dependencies_compiler_type=gcc3
am_cv_make_support_nested_variables=yes
am_cv_prog_cc_c_o=yes
lt_cv_ar_at_file=@
lt_cv_archive_cmds_need_lc=no
lt_cv_deplibs_check_method=pass_all
lt_cv_file_magic_cmd='$MAGIC_CMD'
lt_cv_file_magic_test_file=
lt_cv_ld_reload_flag=-r
lt_cv_nm_interface='BSD nm'
lt_cv_objdir=.libs
lt_cv_path_LD=/usr/bin/ld
lt_cv_path_NM='/usr/bin/nm -B'
lt_cv_path_mainfest_tool=no
lt_cv_prog_compiler_c_o=yes
lt_cv_prog_compiler_pic='-fPIC -DPIC'
lt_cv_prog_compiler_pic_works=yes
lt_cv_prog_compiler_rtti_exceptions=no
lt_cv_prog_compiler_static_works=yes
lt_cv_prog_gnu_ld=yes
lt_cv_sharedlib_from_linklib_cmd='printf %s\n'
lt_cv_shlibpath_overrides_runpath=yes
lt_cv_sys_global_symbol_pipe='sed -n -e '\''s/^.*[	 ]\([ABCDGIRSTW][ABCDGIRSTW]*\)[	 ][	 ]*\([_A-Za-z][_A-Za-z0-9]*\)$/\1 \2 \2/p'\'' | sed '\''/ __gnu_lto/d'\'''
lt_cv_sys_global_symbol_to_c_name_address='sed -n -e '\''s/^: \(.*\) .*$/  {"\1", (void *) 0},/p'\'' -e '\''s/^[ABCDGIRSTW][ABCDGIRSTW]* .* \(.*\)$/  {"\1", (void *) \&\1},/p'\'''
lt_cv_sys_global_symbol_to_c_name_address_lib_prefix='sed -n -e '\''s/^: \(.*\) .*$/  {"\1", (void *) 0},/p'\'' -e '\''s/^[ABCDGIRSTW][ABCDGIRSTW]* .* \(lib.*\)$/  {"\1", (void *) \&\1},/p'\'' -e '\''s/^[ABCDGIRSTW][ABCDGIRSTW]* .* \(.*\)$/  {"lib\1", (void *) \&\1},/p'\'''
lt_cv_sys_global_symbol_to_cdecl='sed -n -e '\''s/^T .* \(.*\)$/extern int \1();/p'\'' -e '\''s/^[ABCDGIRSTW][ABCDGIRSTW]* .* \(.*\)$/extern char \1;/p'\'''
lt_cv_sys_global_symbol_to_import=
lt_cv_sys_max_cmd_len=1572864
lt_cv_to_host_file_cmd=func_convert_file_noop
lt_cv_to_tool_file_cmd=func_convert_file_noop
lt_cv_truncate_bin='/usr/bin/dd bs=4096 count=1'

## ----------------- ##
## Output variables. ##
## ----------------- ##

ACLOCAL='${SHELL} '\''/home/vitalii/Speex_project/Speex_project/speex/missing'\'' aclocal-1.16'
AMDEPBACKSLASH='\'
AMDEP_FALSE='#'
AMDEP_TRUE=''
AMTAR='$${TAR-tar}'
AM_BACKSLASH='\'
AM_DEFAULT_V='$(AM_DEFAULT_VERBOSITY)'
AM_DEFAULT_VERBOSITY='0'
AM_V='$(V)'
AR='ar'
AS='as'
AUTOCONF='${SHELL} '\''/home/vitalii/Speex_project/Speex_project/speex/missing'\'' autoconf'
AUTOHEADER='${SHELL} '\''/home/vitalii/Speex_project/Speex_project/speex/missing'\'' autoheader'
AUTOMAKE='${SHELL} '\''/home/vitalii/Speex_project/Speex_project/speex/missing'\'' automake-1.16'
AWK='mawk'
BUILD_BINARIES_FALSE=''
BUILD_BINARIES_TRUE='#'
BUILD_KISS_FFT_FALSE=''
BUILD_KISS_FFT_TRUE='#'
BUILD_SMALLFT_FALSE='#'
BUILD_SMALLFT_TRUE=''
BUILD_VORBIS_PSY_FALSE=''
BUILD_VORBIS_PSY_TRUE='#'
CC='gcc'
CCDEPMODE='depmode=gcc3'
CFLAGS='-g -O2 -fvisibility=hidden -Wall'
CPPFLAGS=''
CSCOPE='cscope'
CTAGS='ctags'
CYGPATH_W='echo'
DEFS='-DHAVE_CONFIG_H'
DEPDIR='.deps'
DLLTOOL='dlltool'
DSYMUTIL=''
DUMPBIN=''
ECHO_C=''
ECHO_N='-n'
ECHO_T=''
EGREP='/usr/bin/grep -E'
ETAGS='etags'
EXEEXT=''
FFT_CFLAGS=''
FFT_LIBS=''
FFT_PKGCONFIG=''
FGREP='/usr/bin/grep -F'
GREP='/usr/bin/grep'
INCLUDE_STDINT='#include <stdint.h>'
INSTALL_DATA='${INSTALL} -m 644'
INSTALL_PROGRAM='${INSTALL}'
INSTALL_SCRIPT='${INSTALL}'
INSTALL_STRIP_PROGRAM='$(install_sh) -c -s'
LD='/usr/bin/ld -m elf_x86_64'
LDFLAGS=''
LIBM='-lm'
LIBOBJS=''
LIBS=''
LIBTOOL='$(SHELL) $(top_builddir)/libtool'
LIPO=''
LN_S='ln -s'
LTLIBOBJS=''
LT_SYS_LIBRARY_PATH=''
MAINT=''
MAINTAINER_MODE_FALSE='#'
MAINTAINER_MODE_TRUE=''
MAKEINFO='${SHELL} '\''/home/vitalii/Speex_project/Speex_project/speex/missing'\'' makeinfo'
MANIFEST_TOOL=':'
MKDIR_P='/usr/bin/mkdir -p'
NM='/usr/bin/nm -B'
NMEDIT=''
OBJDUMP='objdump'
OBJEXT='o'
OGG_CFLAGS=''
OGG_LIBS=''
OTOOL64=''
OTOOL=''
PACKAGE='speex'
PACKAGE_BUGREPORT='speex-dev@xiph.org'
PACKAGE_NAME='speex'
PACKAGE_STRING='speex 1.2.1'
PACKAGE_TARNAME='speex'
PACKAGE_URL=''
PACKAGE_VERSION='1.2.1'
PATH_SEPARATOR=':'
PKG_CONFIG='/usr/bin/pkg-config'
PKG_CONFIG_LIBDIR=''
PKG_CONFIG_PATH=''
RANLIB='ranlib'
SED='/usr/bin/sed'
SET_MAKE=''
SHELL='/bin/bash'
SIZE16='int16_t'
SIZE32='int32_t'
SPEEXDSP_CFLAGS=''
SPEEXDSP_LIBS=''
SPEEX_LT_AGE='5'
SPEEX_LT_CURRENT='6'
SPEEX_LT_REVISION='2'
SPEEX_VERSION='1.2.1'
STRIP='strip'
USIZE16='uint16_t'
USIZE32='uint32_t'
VERSION='1.2.1'
WINMM_LIBS=''
ac_ct_AR='ar'
ac_ct_CC='gcc'
ac_ct_DUMPBIN=''
am__EXEEXT_FALSE=''
am__EXEEXT_TRUE='#'
am__fastdepCC_FALSE='#'
am__fastdepCC_TRUE=''
am__include='include'
am__isrc=' -I$(srcdir)'
am__leading_dot='.'
am__nodep='_no'
am__quote=''
am__tar='$${TAR-tar} chof - "$$tardir"'
am__untar='$${TAR-tar} xf -'
bindir='${exec_prefix}/bin'
build='x86_64-pc-linux-gnu'
build_alias=''
build_cpu='x86_64'
build_os='linux-gnu'
build_vendor='pc'
datadir='${datarootdir}'
datarootdir='${prefix}/share'
docdir='${datarootdir}/doc/${PACKAGE_TARNAME}'
dvidir='${docdir}'
exec_prefix='${prefix}'
host='x86_64-pc-linux-gnu'
host_alias=''
host_cpu='x86_64'
host_os='linux-gnu'
host_vendor='pc'
htmldir='${docdir}'
includedir='${prefix}/include'
infodir='${datarootdir}/info'
install_sh='${SHELL} /home/vitalii/Speex_project/Speex_project/speex/install-sh'
libdir='${exec_prefix}/lib'
libexecdir='${exec_prefix}/libexec'
localedir='${datarootdir}/locale'
localstatedir='${prefix}/var'
mandir='${datarootdir}/man'
mkdir_p='$(MKDIR_P)'
oldincludedir='/usr/include'
pdfdir='${docdir}'
prefix='/home/vitalii/Speex_project/Speex_project/build_prj'
program_transform_name='s,x,x,'
psdir='${docdir}'
runstatedir='${localstatedir}/run'
sbindir='${exec_prefix}/sbin'
sharedstatedir='${prefix}/com'
sysconfdir='${prefix}/etc'
target_alias=''

## ----------- ##
## confdefs.h. ##
## ----------- ##

/* confdefs.h */
#define PACKAGE_NAME "speex"
#define PACKAGE_TARNAME "speex"
#define PACKAGE_VERSION "1.2.1"
#define PACKAGE_STRING "speex 1.2.1"
#define PACKAGE_BUGREPORT "speex-dev@xiph.org"
#define PACKAGE_URL ""
#define HAVE_STDIO_H 1
#define HAVE_STDLIB_H 1
#define HAVE_STRING_H 1
#define HAVE_INTTYPES_H 1
#define HAVE_STDINT_H 1
#define HAVE_STRINGS_H 1
#define HAVE_SYS_STAT_H 1
#define HAVE_SYS_TYPES_H 1
#define HAVE_UNISTD_H 1
#define STDC_HEADERS 1
#define HAVE_DLFCN_H 1
#define LT_OBJDIR ".libs/"
#define restrict __restrict__
#define VAR_ARRAYS /**/
#define HAVE_ALLOCA_H 1
#define HAVE_GETOPT_H 1
#define EXPORT __attribute__((visibility("default")))
#define HAVE_SYS_SOUNDCARD_H 1
#define HAVE_GETOPT_LONG 1
#define SPEEX_VERSION "1.2.1"
#define SPEEX_MAJOR_VERSION 1
#define SPEEX_MINOR_VERSION 2
#define SPEEX_MICRO_VERSION 1
#define SPEEX_EXTRA_VERSION ""
#define FLOATING_POINT /**/
#define _USE_SSE /**/
#define USE_SMALLFT /**/
#define SIZEOF_INT16_T 2
#define SIZEOF_UINT16_T 2
#define SIZEOF_U_INT16_T 2
#define SIZEOF_INT32_T 4
#define SIZEOF_UINT32_T 4
#define SIZEOF_U_INT32_T 4
#define SIZEOF_SHORT 2
#define SIZEOF_INT 4
#define SIZEOF_LONG 8

configure: exit 0
